<?xml version="1.0" encoding="UTF-8"?>
<!-- Generated by org.testng.reporters.JUnitReportReporter -->
<testsuite hostname="LAPTOP-CNG635MQ" failures="0" tests="1" name="pageFactor.ExtendReporter" time="8.781" errors="0" timestamp="2024-05-08T12:23:22 IST" skipped="0">
  <testcase classname="pageFactor.ExtendReporter" name="extentReporterDemo" time="8.781"/>
  <system-out/>
</testsuite> <!-- pageFactor.ExtendReporter -->
