<?xml version="1.0" encoding="UTF-8"?>
<!-- Generated by org.testng.reporters.JUnitReportReporter -->
<testsuite hostname="LAPTOP-CNG635MQ" failures="0" tests="3" name="pageFactor.PageFactoringTest" time="37.430" errors="0" timestamp="2024-05-13T09:33:25 IST" skipped="0">
  <testcase classname="pageFactor.PageFactoringTest" name="testFail" time="1.688"/>
  <system-out/>
  <testcase classname="pageFactor.PageFactoringTest" name="ecommerceTest" time="18.806"/>
  <system-out/>
  <testcase classname="pageFactor.PageFactoringTest" name="ecommerceTest" time="16.936"/>
  <system-out/>
</testsuite> <!-- pageFactor.PageFactoringTest -->
