<?xml version="1.0" encoding="UTF-8"?>
<!-- Generated by org.testng.reporters.JUnitReportReporter -->
<testsuite hostname="LAPTOP-CNG635MQ" failures="0" tests="1" name="pageFactor.BaseTest" time="5.114" errors="0" timestamp="2024-05-13T09:33:25 IST" skipped="0">
  <testcase classname="pageFactor.BaseTest" name="testFail" time="5.114"/>
  <system-out/>
</testsuite> <!-- pageFactor.BaseTest -->
